\BOOKMARK [2][-]{subsection.0.0.1}{\376\377\000A\000b\000s\000t\000r\000a\000c\000t}{}% 1
\BOOKMARK [2][-]{subsection.0.0.2}{\376\377\000K\000e\000y\000w\000o\000r\000d\000s}{}% 2
\BOOKMARK [2][-]{subsection.0.0.3}{\376\377\000I\000n\000t\000r\000o\000d\000u\000c\000t\000i\000o\000n\000\040\000a\000n\000d\000\040\000M\000o\000t\000i\000v\000a\000t\000i\000o\000n\000\040\000o\000f\000\040\000t\000h\000e\000\040\000W\000o\000r\000k}{}% 3
\BOOKMARK [2][-]{subsection.0.0.4}{\376\377\000R\000e\000l\000a\000t\000e\000d\000\040\000S\000u\000b\000j\000e\000c\000t\000s}{}% 4
\BOOKMARK [2][-]{subsection.0.0.5}{\376\377\000O\000b\000j\000e\000c\000t\000i\000v\000e\000s\000\040\000o\000f\000\040\000t\000h\000e\000\040\000T\000F\000G}{}% 5
\BOOKMARK [2][-]{subsection.0.0.6}{\376\377\000T\000a\000s\000k\000\040\000a\000n\000d\000\040\000T\000i\000m\000e\000\040\000P\000l\000a\000n\000n\000i\000n\000g}{}% 6
\BOOKMARK [2][-]{subsection.0.0.7}{\376\377\000E\000x\000p\000e\000c\000t\000e\000d\000\040\000R\000e\000s\000u\000l\000t\000s}{}% 7
\BOOKMARK [2][-]{subsection.0.0.8}{\376\377\000T\000o\000o\000l\000s}{}% 8
\BOOKMARK [2][-]{subsection.0.0.9}{\376\377\000R\000e\000f\000e\000r\000e\000n\000c\000e\000s}{}% 9
\BOOKMARK [0][-]{chapter.1}{\376\377\000P\000e\000r\000s\000o\000n\000a\000j\000e\000s\000\040\000p\000r\000i\000n\000c\000i\000p\000a\000l\000e\000s\000\040\000y\000\040\000c\000o\000n\000t\000r\000o\000l\000e\000s}{}% 10
\BOOKMARK [1][-]{subsection.1.0.1}{\376\377\000P\000a\000r\000t\000s}{chapter.1}% 11
\BOOKMARK [2][-]{subsection.1.0.2}{\376\377\000C\000h\000a\000p\000t\000e\000r\000s}{subsection.1.0.1}% 12
\BOOKMARK [1][-]{section.1.1}{\376\377\000S\000e\000g\000m\000e\000n\000t\000s}{chapter.1}% 13
\BOOKMARK [2][-]{subsection.1.1.1}{\376\377\000S\000u\000b\000s\000e\000c\000t\000i\000o\000n\000s}{section.1.1}% 14
\BOOKMARK [2][-]{subsection.1.1.2}{\376\377\000P\000a\000r\000a\000g\000r\000a\000p\000h\000s}{section.1.1}% 15
\BOOKMARK [1][-]{section.1.2}{\376\377\000B\000o\000x\000e\000s}{chapter.1}% 16
\BOOKMARK [2][-]{subsection.1.2.1}{\376\377\000S\000u\000b\000s\000e\000c\000t\000i\000o\000n}{section.1.2}% 17
\BOOKMARK [1][-]{section.1.3}{\376\377\000P\000a\000c\000k\000a\000g\000e\000\040\000O\000p\000t\000i\000o\000n\000s}{chapter.1}% 18
\BOOKMARK [2][-]{subsection.1.3.1}{\376\377\000G\000e\000n\000e\000r\000i\000c\000\040\000O\000p\000t\000i\000o\000n\000s}{section.1.3}% 19
\BOOKMARK [2][-]{subsection.1.3.2}{\376\377\000B\000l\000a\000c\000k\000\040\000a\000n\000d\000\040\000W\000h\000i\000t\000e}{section.1.3}% 20
